Library/Bee/Android/Prj/IL2CPP/Gradle/launcher/build/intermediates/manifest_merge_blame_file/release/manifest-merger-blame-release-report.txt
1<?xml version="1.0" encoding="utf-8"?>
2<manifest xmlns:android="http://schemas.android.com/apk/res/android"
3    package="com.BCD.SULTAN"
4    android:installLocation="preferExternal"
5    android:versionCode="1"
6    android:versionName="0.1" >
7
8    <uses-sdk
9        android:minSdkVersion="22"
9-->src\main\AndroidManifest.xml
10        android:targetSdkVersion="30" />
10-->src\main\AndroidManifest.xml
11
12    <supports-screens
12-->src\main\AndroidManifest.xml:3:3-163
13        android:anyDensity="true"
13-->src\main\AndroidManifest.xml:3:135-160
14        android:largeScreens="true"
14-->src\main\AndroidManifest.xml:3:78-105
15        android:normalScreens="true"
15-->src\main\AndroidManifest.xml:3:49-77
16        android:smallScreens="true"
16-->src\main\AndroidManifest.xml:3:21-48
17        android:xlargeScreens="true" />
17-->src\main\AndroidManifest.xml:3:106-134
18
19    <uses-feature android:glEsVersion="0x00020000" />
19-->[:unityLibrary] AndroidManifest.xml:12:5-54
19-->[:unityLibrary] AndroidManifest.xml:12:19-51
20
21    <uses-permission android:name="android.permission.INTERNET" />
21-->[:unityLibrary] AndroidManifest.xml:14:5-67
21-->[:unityLibrary] AndroidManifest.xml:14:22-64
22
23    <uses-feature
23-->[:unityLibrary] AndroidManifest.xml:16:5-18:36
24        android:name="android.hardware.touchscreen"
24-->[:unityLibrary] AndroidManifest.xml:17:9-52
25        android:required="false" />
25-->[:unityLibrary] AndroidManifest.xml:18:9-33
26    <uses-feature
26-->[:unityLibrary] AndroidManifest.xml:19:5-21:36
27        android:name="android.hardware.touchscreen.multitouch"
27-->[:unityLibrary] AndroidManifest.xml:20:9-63
28        android:required="false" />
28-->[:unityLibrary] AndroidManifest.xml:21:9-33
29    <uses-feature
29-->[:unityLibrary] AndroidManifest.xml:22:5-24:36
30        android:name="android.hardware.touchscreen.multitouch.distinct"
30-->[:unityLibrary] AndroidManifest.xml:23:9-72
31        android:required="false" />
31-->[:unityLibrary] AndroidManifest.xml:24:9-33
32
33    <uses-permission android:name="android.permission.ACCESS_NETWORK_STATE" />
33-->[:UnityAds:] AndroidManifest.xml:9:5-79
33-->[:UnityAds:] AndroidManifest.xml:9:22-76
34    <uses-permission android:name="com.android.vending.BILLING" />
34-->[:billing-3.0.3:] AndroidManifest.xml:10:5-67
34-->[:billing-3.0.3:] AndroidManifest.xml:10:22-64
35
36    <application
36-->src\main\AndroidManifest.xml:4:3-121
37        android:banner="@drawable/app_banner"
37-->src\main\AndroidManifest.xml:4:81-118
38        android:extractNativeLibs="true"
38-->[:unityLibrary] AndroidManifest.xml:27:9-41
39        android:icon="@mipmap/app_icon"
39-->src\main\AndroidManifest.xml:4:49-80
40        android:isGame="true"
40-->[:unityLibrary] AndroidManifest.xml:28:9-30
41        android:label="@string/app_name" >
41-->src\main\AndroidManifest.xml:4:16-48
42        <activity
42-->[:unityLibrary] AndroidManifest.xml:29:9-53:20
43            android:name="com.unity3d.player.UnityPlayerActivity"
43-->[:unityLibrary] AndroidManifest.xml:30:13-66
44            android:configChanges="mcc|mnc|locale|touchscreen|keyboard|keyboardHidden|navigation|orientation|screenLayout|uiMode|screenSize|smallestScreenSize|fontScale|layoutDirection|density"
44-->[:unityLibrary] AndroidManifest.xml:31:13-194
45            android:hardwareAccelerated="false"
45-->[:unityLibrary] AndroidManifest.xml:32:13-48
46            android:launchMode="singleTask"
46-->[:unityLibrary] AndroidManifest.xml:33:13-44
47            android:resizeableActivity="false"
47-->[:unityLibrary] AndroidManifest.xml:34:13-47
48            android:screenOrientation="landscape"
48-->[:unityLibrary] AndroidManifest.xml:35:13-50
49            android:theme="@style/UnityThemeSelector" >
49-->[:unityLibrary] AndroidManifest.xml:36:13-54
50            <intent-filter>
50-->[:unityLibrary] AndroidManifest.xml:37:13-42:29
51                <action android:name="android.intent.action.MAIN" />
51-->[:unityLibrary] AndroidManifest.xml:38:17-69
51-->[:unityLibrary] AndroidManifest.xml:38:25-66
52
53                <category android:name="android.intent.category.LAUNCHER" />
53-->[:unityLibrary] AndroidManifest.xml:40:17-77
53-->[:unityLibrary] AndroidManifest.xml:40:27-74
54                <category android:name="android.intent.category.LEANBACK_LAUNCHER" />
54-->[:unityLibrary] AndroidManifest.xml:41:17-86
54-->[:unityLibrary] AndroidManifest.xml:41:27-83
55            </intent-filter>
56
57            <meta-data
57-->[:unityLibrary] AndroidManifest.xml:44:13-46:40
58                android:name="unityplayer.UnityActivity"
58-->[:unityLibrary] AndroidManifest.xml:45:17-57
59                android:value="true" />
59-->[:unityLibrary] AndroidManifest.xml:46:17-37
60
61            <layout
61-->[:unityLibrary] AndroidManifest.xml:48:13-52:44
62                android:defaultHeight="1080px"
62-->[:unityLibrary] AndroidManifest.xml:49:17-47
63                android:defaultWidth="1920px"
63-->[:unityLibrary] AndroidManifest.xml:50:17-46
64                android:minHeight="300px"
64-->[:unityLibrary] AndroidManifest.xml:51:17-42
65                android:minWidth="400px" />
65-->[:unityLibrary] AndroidManifest.xml:52:17-41
66        </activity>
67
68        <meta-data
68-->[:unityLibrary] AndroidManifest.xml:55:9-57:33
69            android:name="unity.splash-mode"
69-->[:unityLibrary] AndroidManifest.xml:56:13-45
70            android:value="0" />
70-->[:unityLibrary] AndroidManifest.xml:57:13-30
71        <meta-data
71-->[:unityLibrary] AndroidManifest.xml:58:9-60:36
72            android:name="unity.splash-enable"
72-->[:unityLibrary] AndroidManifest.xml:59:13-47
73            android:value="True" />
73-->[:unityLibrary] AndroidManifest.xml:60:13-33
74        <meta-data
74-->[:unityLibrary] AndroidManifest.xml:61:9-63:36
75            android:name="unity.launch-fullscreen"
75-->[:unityLibrary] AndroidManifest.xml:62:13-51
76            android:value="True" />
76-->[:unityLibrary] AndroidManifest.xml:63:13-33
77        <meta-data
77-->[:unityLibrary] AndroidManifest.xml:64:9-66:37
78            android:name="unity.allow-resizable-window"
78-->[:unityLibrary] AndroidManifest.xml:65:13-56
79            android:value="False" />
79-->[:unityLibrary] AndroidManifest.xml:66:13-34
80
81        <activity
81-->[:UnityAds:] AndroidManifest.xml:13:9-17:74
82            android:name="com.unity3d.services.ads.adunit.AdUnitActivity"
82-->[:UnityAds:] AndroidManifest.xml:14:13-74
83            android:configChanges="fontScale|keyboard|keyboardHidden|locale|mnc|mcc|navigation|orientation|screenLayout|screenSize|smallestScreenSize|uiMode|touchscreen"
83-->[:UnityAds:] AndroidManifest.xml:15:13-170
84            android:hardwareAccelerated="true"
84-->[:UnityAds:] AndroidManifest.xml:16:13-47
85            android:theme="@android:style/Theme.NoTitleBar.Fullscreen" />
85-->[:UnityAds:] AndroidManifest.xml:17:13-71
86        <activity
86-->[:UnityAds:] AndroidManifest.xml:18:9-22:86
87            android:name="com.unity3d.services.ads.adunit.AdUnitTransparentActivity"
87-->[:UnityAds:] AndroidManifest.xml:19:13-85
88            android:configChanges="fontScale|keyboard|keyboardHidden|locale|mnc|mcc|navigation|orientation|screenLayout|screenSize|smallestScreenSize|uiMode|touchscreen"
88-->[:UnityAds:] AndroidManifest.xml:20:13-170
89            android:hardwareAccelerated="true"
89-->[:UnityAds:] AndroidManifest.xml:21:13-47
90            android:theme="@android:style/Theme.Translucent.NoTitleBar.Fullscreen" />
90-->[:UnityAds:] AndroidManifest.xml:22:13-83
91        <activity
91-->[:UnityAds:] AndroidManifest.xml:23:9-27:86
92            android:name="com.unity3d.services.ads.adunit.AdUnitTransparentSoftwareActivity"
92-->[:UnityAds:] AndroidManifest.xml:24:13-93
93            android:configChanges="fontScale|keyboard|keyboardHidden|locale|mnc|mcc|navigation|orientation|screenLayout|screenSize|smallestScreenSize|uiMode|touchscreen"
93-->[:UnityAds:] AndroidManifest.xml:25:13-170
94            android:hardwareAccelerated="false"
94-->[:UnityAds:] AndroidManifest.xml:26:13-48
95            android:theme="@android:style/Theme.Translucent.NoTitleBar.Fullscreen" />
95-->[:UnityAds:] AndroidManifest.xml:27:13-83
96        <activity
96-->[:UnityAds:] AndroidManifest.xml:28:9-32:74
97            android:name="com.unity3d.services.ads.adunit.AdUnitSoftwareActivity"
97-->[:UnityAds:] AndroidManifest.xml:29:13-82
98            android:configChanges="fontScale|keyboard|keyboardHidden|locale|mnc|mcc|navigation|orientation|screenLayout|screenSize|smallestScreenSize|uiMode|touchscreen"
98-->[:UnityAds:] AndroidManifest.xml:30:13-170
99            android:hardwareAccelerated="false"
99-->[:UnityAds:] AndroidManifest.xml:31:13-48
100            android:theme="@android:style/Theme.NoTitleBar.Fullscreen" />
100-->[:UnityAds:] AndroidManifest.xml:32:13-71
101
102        <meta-data
102-->[:billing-3.0.3:] AndroidManifest.xml:13:9-15:37
103            android:name="com.google.android.play.billingclient.version"
103-->[:billing-3.0.3:] AndroidManifest.xml:14:13-73
104            android:value="3.0.3" />
104-->[:billing-3.0.3:] AndroidManifest.xml:15:13-34
105
106        <activity
106-->[:billing-3.0.3:] AndroidManifest.xml:17:9-21:75
107            android:name="com.android.billingclient.api.ProxyBillingActivity"
107-->[:billing-3.0.3:] AndroidManifest.xml:18:13-78
108            android:configChanges="keyboard|keyboardHidden|screenLayout|screenSize|orientation"
108-->[:billing-3.0.3:] AndroidManifest.xml:19:13-96
109            android:exported="false"
109-->[:billing-3.0.3:] AndroidManifest.xml:20:13-37
110            android:theme="@android:style/Theme.Translucent.NoTitleBar" />
110-->[:billing-3.0.3:] AndroidManifest.xml:21:13-72
111    </application>
112
113</manifest>